Сборка начата 05.04.2017 23:41:24.
     1>Проект "X:\Programing\ProjectsVS\DmFinal\DmFinal\DmFinal.vcxproj" в узле 2 (целевые объекты Build).
     1>InitializeBuildStatus:
         Создание "Debug\DmFinal.tlog\unsuccessfulbuild", так как было задано "AlwaysCreate".
       ClCompile:
         X:\Programing\Sreda\Microsoft Visual Studio\VC\bin\CL.exe /c /ZI /nologo /W3 /WX- /sdl /Od /Oy- /D _MBCS /Gm /EHsc /RTC1 /MDd /GS /fp:precise /Zc:wchar_t /Zc:forScope /Zc:inline /Fo"Debug\\" /Fd"Debug\vc140.pdb" /Gd /TP /analyze- /errorReport:prompt main.cpp
         main.cpp
       Link:
         X:\Programing\Sreda\Microsoft Visual Studio\VC\bin\link.exe /ERRORREPORT:PROMPT /OUT:"X:\Programing\ProjectsVS\DmFinal\Debug\DmFinal.exe" /INCREMENTAL /NOLOGO kernel32.lib user32.lib gdi32.lib winspool.lib comdlg32.lib advapi32.lib shell32.lib ole32.lib oleaut32.lib uuid.lib odbc32.lib odbccp32.lib /MANIFEST /MANIFESTUAC:"level='asInvoker' uiAccess='false'" /manifest:embed /DEBUG:FASTLINK /PDB:"X:\Programing\ProjectsVS\DmFinal\Debug\DmFinal.pdb" /TLBID:1 /DYNAMICBASE /NXCOMPAT /IMPLIB:"X:\Programing\ProjectsVS\DmFinal\Debug\DmFinal.lib" /MACHINE:X86 Debug\general.obj
         Debug\main.obj
         Debug\n.obj
         Debug\p.obj
         Debug\q.obj
         Debug\z.obj
         DmFinal.vcxproj -> X:\Programing\ProjectsVS\DmFinal\Debug\DmFinal.exe
         DmFinal.vcxproj -> X:\Programing\ProjectsVS\DmFinal\Debug\DmFinal.pdb (Partial PDB)
       FinalizeBuildStatus:
         Файл "Debug\DmFinal.tlog\unsuccessfulbuild" удаляется.
         Обращение к "Debug\DmFinal.tlog\DmFinal.lastbuildstate".
     1>Сборка проекта "X:\Programing\ProjectsVS\DmFinal\DmFinal\DmFinal.vcxproj" завершена (целевые объекты Build).

Сборка успешно завершена.

Затраченное время: 00:00:02.13
