Сборка начата 26.12.2017 15:45:16.
     1>Проект "X:\Programing\ProjectsVS\set++♥\set++\set++.vcxproj" в узле 2 (целевые объекты Build).
     1>InitializeBuildStatus:
         Создание "Debug\set++.tlog\unsuccessfulbuild", так как было задано "AlwaysCreate".
       ClCompile:
         X:\Programing\Sreda\Microsoft Visual Studio\VC\bin\CL.exe /c /ZI /nologo /W3 /WX- /sdl /Od /Oy- /D _MBCS /Gm /EHsc /RTC1 /MDd /GS /fp:precise /Zc:wchar_t /Zc:forScope /Zc:inline /Fo"Debug\\" /Fd"Debug\vc140.pdb" /Gd /TP /analyze- /errorReport:prompt set++.cpp
         set++.cpp
     1>x:\programing\projectsvs\set++♥\set++\set++.h(184): warning C4800: Elem<T> *: принудительно задано логическое значение "true" или "false" (предупреждение о производительности)
                 with
                 [
                     T=int
                 ]
         x:\programing\projectsvs\set++♥\set++\set++.h(183): note: при компиляции функции-члена "<Нет данных>" класса <Нет данных>
         x:\programing\projectsvs\set++♥\set++\set++.h(206): note: см. ссылку на создание экземпляров функции шаблон при компиляции "bool Set<int>::exist(T)"
                 with
                 [
                     T=int
                 ]
         x:\programing\projectsvs\set++♥\set++\set++.h(80): note: при компиляции функции-члена "<Нет данных>" класса <Нет данных>
         x:\programing\projectsvs\set++♥\set++\set++.h(165): note: см. ссылку на создание экземпляров функции шаблон при компиляции "void Set<int>::insert(Elem<T> *&,Elem<T> *)"
                 with
                 [
                     T=int
                 ]
         x:\programing\projectsvs\set++♥\set++\set++.h(138): note: при компиляции функции-члена "<Нет данных>" класса <Нет данных>
         x:\programing\projectsvs\set++♥\set++\set++.cpp(20): note: см. ссылку на создание экземпляров функции шаблон при компиляции "Set<int>::Set(int (__cdecl *)(T,T))"
                 with
                 [
                     T=int
                 ]
         x:\programing\projectsvs\set++♥\set++\set++.cpp(20): note: см. ссылку на создание экземпляров класса шаблон при компиляции "Set<int>"
       Link:
         X:\Programing\Sreda\Microsoft Visual Studio\VC\bin\link.exe /ERRORREPORT:PROMPT /OUT:"X:\Programing\ProjectsVS\set++♥\Debug\set++.exe" /INCREMENTAL /NOLOGO kernel32.lib user32.lib gdi32.lib winspool.lib comdlg32.lib advapi32.lib shell32.lib ole32.lib oleaut32.lib uuid.lib odbc32.lib odbccp32.lib /MANIFEST /MANIFESTUAC:"level='asInvoker' uiAccess='false'" /manifest:embed /DEBUG:FASTLINK /PDB:"X:\Programing\ProjectsVS\set++♥\Debug\set++.pdb" /TLBID:1 /DYNAMICBASE /NXCOMPAT /IMPLIB:"X:\Programing\ProjectsVS\set++♥\Debug\set++.lib" /MACHINE:X86 Debug\set++.obj
         set++.vcxproj -> X:\Programing\ProjectsVS\set++♥\Debug\set++.exe
         set++.vcxproj -> X:\Programing\ProjectsVS\set++♥\Debug\set++.pdb (Partial PDB)
       FinalizeBuildStatus:
         Файл "Debug\set++.tlog\unsuccessfulbuild" удаляется.
         Обращение к "Debug\set++.tlog\set++.lastbuildstate".
     1>Сборка проекта "X:\Programing\ProjectsVS\set++♥\set++\set++.vcxproj" завершена (целевые объекты Build).

Сборка успешно завершена.

Затраченное время: 00:00:02.43
